2021-02-16 01:44:46 +0000  Initial pipeline context: <IDEDistributionProcessingPipelineContext: 0x7fb347fa3470; archive(resolved)='<IDEArchive: 0x7fb347ce1ca0>', distributionTask(resolved)='2', distributionDestination(resolved)='1', distributionMethod(resolved)='<IDEDistributionMethodiOSEnterprise: 0x7fb346598e90>', team(resolved)='<IDEProvisioningDisambiguatableBasicTeam: 0x7fb35c81b530; teamID='V7PZG4EZ6K', teamName='Digital Arts Inc. (Unknown Type)', teamType='(null)', username='(null)', isFreeProvisioningTeam='0'>'>
	Chain (14, self inclusive):
	<IDEDistributionProcessingPipelineContext: 0x7fb347fa3470; archive = '<IDEArchive: 0x7fb347ce1ca0>', distributionMethod='<IDEDistributionMethodiOSEnterprise: 0x7fb346598e90>', team='<IDEProvisioningDisambiguatableBasicTeam: 0x7fb35c81b530; teamID='V7PZG4EZ6K', teamName='Digital Arts Inc. (Unknown Type)', teamType='(null)', username='(null)', isFreeProvisioningTeam='0'>'>
	<IDEDistributionProcessingPipelineContext: 0x7fb3483f5480; archive = '<IDEArchive: 0x7fb347ce1ca0>', distributionMethod='<IDEDistributionMethodiOSEnterprise: 0x7fb346598e90>', team='<IDEProvisioningDisambiguatableBasicTeam: 0x7fb35c81b530; teamID='V7PZG4EZ6K', teamName='Digital Arts Inc. (Unknown Type)', teamType='(null)', username='(null)', isFreeProvisioningTeam='0'>'>
	<IDEDistributionContext: 0x7fb35f37f6a0; archive = '<IDEArchive: 0x7fb347ce1ca0>', distributionMethod='<IDEDistributionMethodiOSEnterprise: 0x7fb346598e90>', team='<IDEProvisioningDisambiguatableBasicTeam: 0x7fb35c81b530; teamID='V7PZG4EZ6K', teamName='Digital Arts Inc. (Unknown Type)', teamType='(null)', username='(null)', isFreeProvisioningTeam='0'>'>
	<IDEDistributionContext: 0x7fb348355a30; archive = '<IDEArchive: 0x7fb347ce1ca0>', distributionMethod='<IDEDistributionMethodiOSEnterprise: 0x7fb346598e90>', team='<IDEProvisioningDisambiguatableBasicTeam: 0x7fb35c81b530; teamID='V7PZG4EZ6K', teamName='Digital Arts Inc. (Unknown Type)', teamType='(null)', username='(null)', isFreeProvisioningTeam='0'>'>
	<IDEDistributionContext: 0x7fb348318a50; archive = '<IDEArchive: 0x7fb347ce1ca0>', distributionMethod='<IDEDistributionMethodiOSEnterprise: 0x7fb346598e90>', team='<IDEProvisioningDisambiguatableBasicTeam: 0x7fb35c81b530; teamID='V7PZG4EZ6K', teamName='Digital Arts Inc. (Unknown Type)', teamType='(null)', username='(null)', isFreeProvisioningTeam='0'>'>
	<IDEDistributionContext: 0x7fb347228ba0; archive = '<IDEArchive: 0x7fb347ce1ca0>', distributionMethod='<IDEDistributionMethodiOSEnterprise: 0x7fb346598e90>', team='<IDEProvisioningDisambiguatableBasicTeam: 0x7fb35c81b530; teamID='V7PZG4EZ6K', teamName='Digital Arts Inc. (Unknown Type)', teamType='(null)', username='(null)', isFreeProvisioningTeam='0'>'>
	<IDEDistributionContext: 0x7fb3483795d0; archive = '<IDEArchive: 0x7fb347ce1ca0>', distributionMethod='<IDEDistributionMethodiOSEnterprise: 0x7fb346598e90>', team='<IDEProvisioningDisambiguatableBasicTeam: 0x7fb35c81b530; teamID='V7PZG4EZ6K', teamName='Digital Arts Inc. (Unknown Type)', teamType='(null)', username='(null)', isFreeProvisioningTeam='0'>'>
	<IDEDistributionContext: 0x7fb348308c70; archive = '<IDEArchive: 0x7fb347ce1ca0>', distributionMethod='<IDEDistributionMethodiOSEnterprise: 0x7fb346598e90>', team='<IDEProvisioningDisambiguatableBasicTeam: 0x7fb35c81b530; teamID='V7PZG4EZ6K', teamName='Digital Arts Inc. (Unknown Type)', teamType='(null)', username='(null)', isFreeProvisioningTeam='0'>'>
	<IDEDistributionContext: 0x7fb347f755d0; archive = '<IDEArchive: 0x7fb347ce1ca0>', distributionMethod='<IDEDistributionMethodiOSEnterprise: 0x7fb346598e90>', team='<IDEProvisioningDisambiguatableBasicTeam: 0x7fb35c81b530; teamID='V7PZG4EZ6K', teamName='Digital Arts Inc. (Unknown Type)', teamType='(null)', username='(null)', isFreeProvisioningTeam='0'>'>
	<IDEDistributionContext: 0x7fb348396870; archive = '<IDEArchive: 0x7fb347ce1ca0>', distributionMethod='<IDEDistributionMethodiOSEnterprise: 0x7fb346598e90>', team='(null)'>
	<IDEDistributionContext: 0x7fb348351ad0; archive = '<IDEArchive: 0x7fb347ce1ca0>', distributionMethod='<IDEDistributionMethodiOSEnterprise: 0x7fb346598e90>', team='(null)'>
	<IDEDistributionContext: 0x7fb348397b30; archive = '<IDEArchive: 0x7fb347ce1ca0>', distributionMethod='<IDEDistributionMethodiOSEnterprise: 0x7fb346598e90>', team='(null)'>
	<IDEDistributionContext: 0x7fb347217930; archive = '<IDEArchive: 0x7fb347ce1ca0>', distributionMethod='<IDEDistributionMethodiOSEnterprise: 0x7fb346598e90>', team='(null)'>
	<IDEDistributionContext: 0x7fb3482096a0; archive = '<IDEArchive: 0x7fb347ce1ca0>', distributionMethod='(null)', team='(null)'>
</IDEDistributionProcessingPipelineContext: 0x7fb347fa3470>
2021-02-16 01:44:46 +0000  Processing step: IDEDistributionCreateDestRootStep
2021-02-16 01:44:46 +0000  Processing step: IDEDistributionCopyItemStep
2021-02-16 01:44:46 +0000  Running /usr/bin/ditto '-V' '/Users/finalcode/Library/Developer/Xcode/Archives/2021-02-16/FinalCodeReader 2021-02-16 10.44.xcarchive/Products/Applications/FinalCodeReader.app' '/var/folders/j2/b33_crj1083bk55xjzpmwprh0000gn/T/XcodeDistPipeline.~~~JUkuQG/Root/Payload/FinalCodeReader.app'
2021-02-16 01:44:46 +0000  >>> Copying /Users/finalcode/Library/Developer/Xcode/Archives/2021-02-16/FinalCodeReader 2021-02-16 10.44.xcarchive/Products/Applications/FinalCodeReader.app 
2021-02-16 01:44:46 +0000  copying file ./_CodeSignature/CodeResources ... 
2021-02-16 01:44:46 +0000  43656 bytes for ./_CodeSignature/CodeResources
copying file ./FCLogo_whiteB_400.png ... 
2021-02-16 01:44:46 +0000  5007 bytes for ./FCLogo_whiteB_400.png
2021-02-16 01:44:46 +0000  copying file ./fcl_appIcon_76.png ... 
2021-02-16 01:44:46 +0000  2057 bytes for ./fcl_appIcon_76.png
2021-02-16 01:44:46 +0000  copying file ./ja.lproj/add_server_00.html ... 
2021-02-16 01:44:46 +0000  1898 bytes for ./ja.lproj/add_server_00.html
2021-02-16 01:44:46 +0000  copying file ./ja.lproj/register.css ... 
2021-02-16 01:44:46 +0000  122 bytes for ./ja.lproj/register.css
2021-02-16 01:44:46 +0000  copying file ./ja.lproj/register_22.html ... 
2021-02-16 01:44:46 +0000  2281 bytes for ./ja.lproj/register_22.html
2021-02-16 01:44:46 +0000  copying file ./ja.lproj/Localizable.strings ... 
2021-02-16 01:44:46 +0000  8035 bytes for ./ja.lproj/Localizable.strings
copying file ./ja.lproj/InfoPlist.strings ... 
2021-02-16 01:44:46 +0000  42 bytes for ./ja.lproj/InfoPlist.strings
2021-02-16 01:44:46 +0000  copying file ./ja.lproj/register_11.html ... 
2021-02-16 01:44:46 +0000  2736 bytes for ./ja.lproj/register_11.html
2021-02-16 01:44:46 +0000  copying file ./ja.lproj/file_info.html ... 
2021-02-16 01:44:46 +0000  1958 bytes for ./ja.lproj/file_info.html
copying file ./ja.lproj/user_setting.html ... 
2021-02-16 01:44:46 +0000  2761 bytes for ./ja.lproj/user_setting.html
2021-02-16 01:44:46 +0000  copying file ./ja.lproj/register_30.html ... 
2021-02-16 01:44:46 +0000  1925 bytes for ./ja.lproj/register_30.html
2021-02-16 01:44:46 +0000  copying file ./ja.lproj/register_10.html ... 
2021-02-16 01:44:46 +0000  2721 bytes for ./ja.lproj/register_10.html
2021-02-16 01:44:46 +0000  copying file ./ja.lproj/network_setting.html ... 
2021-02-16 01:44:46 +0000  3006 bytes for ./ja.lproj/network_setting.html
copying file ./ja.lproj/version.html ... 
2021-02-16 01:44:46 +0000  1555 bytes for ./ja.lproj/version.html
2021-02-16 01:44:46 +0000  copying file ./ja.lproj/register_00.html ... 
2021-02-16 01:44:46 +0000  4161 bytes for ./ja.lproj/register_00.html
2021-02-16 01:44:46 +0000  copying file ./ja.lproj/register_20.html ... 
2021-02-16 01:44:46 +0000  2612 bytes for ./ja.lproj/register_20.html
2021-02-16 01:44:46 +0000  copying file ./Icon-29.png ... 
2021-02-16 01:44:46 +0000  734 bytes for ./Icon-29.png
2021-02-16 01:44:46 +0000  copying file ./Icon.png ... 
2021-02-16 01:44:46 +0000  1376 bytes for ./Icon.png
2021-02-16 01:44:46 +0000  copying file ./en.lproj/add_server_00.html ... 
2021-02-16 01:44:46 +0000  2036 bytes for ./en.lproj/add_server_00.html
2021-02-16 01:44:46 +0000  copying file ./en.lproj/register.css ... 
2021-02-16 01:44:46 +0000  251 bytes for ./en.lproj/register.css
2021-02-16 01:44:46 +0000  copying file ./en.lproj/MainStoryboard_iPhone.storyboardc/UIViewController-4oe-b6-hCA.nib ... 
2021-02-16 01:44:46 +0000  2020 bytes for ./en.lproj/MainStoryboard_iPhone.storyboardc/UIViewController-4oe-b6-hCA.nib
2021-02-16 01:44:46 +0000  copying file ./en.lproj/MainStoryboard_iPhone.storyboardc/OBg-Rh-IAL-view-7z1-LK-p8D.nib ... 
2021-02-16 01:44:46 +0000  2240 bytes for ./en.lproj/MainStoryboard_iPhone.storyboardc/OBg-Rh-IAL-view-7z1-LK-p8D.nib
2021-02-16 01:44:46 +0000  copying file ./en.lproj/MainStoryboard_iPhone.storyboardc/4oe-b6-hCA-view-I0w-gR-Dg9.nib ... 
2021-02-16 01:44:46 +0000  3183 bytes for ./en.lproj/MainStoryboard_iPhone.storyboardc/4oe-b6-hCA-view-I0w-gR-Dg9.nib
copying file ./en.lproj/MainStoryboard_iPhone.storyboardc/rQJ-52-akM-view-oKv-2D-fKf.nib ... 
2021-02-16 01:44:46 +0000  1019 bytes for ./en.lproj/MainStoryboard_iPhone.storyboardc/rQJ-52-akM-view-oKv-2D-fKf.nib
2021-02-16 01:44:46 +0000  copying file ./en.lproj/MainStoryboard_iPhone.storyboardc/SB_TABLEMAIN.nib ... 
2021-02-16 01:44:46 +0000  2630 bytes for ./en.lproj/MainStoryboard_iPhone.storyboardc/SB_TABLEMAIN.nib
2021-02-16 01:44:46 +0000  copying file ./en.lproj/MainStoryboard_iPhone.storyboardc/FCPDFScrollViewController.nib ... 
2021-02-16 01:44:46 +0000  1040 bytes for ./en.lproj/MainStoryboard_iPhone.storyboardc/FCPDFScrollViewController.nib
2021-02-16 01:44:46 +0000  copying file ./en.lproj/MainStoryboard_iPhone.storyboardc/cW9-y5-jHl-view-ScM-ho-s8l.nib ... 
2021-02-16 01:44:46 +0000  2847 bytes for ./en.lproj/MainStoryboard_iPhone.storyboardc/cW9-y5-jHl-view-ScM-ho-s8l.nib
2021-02-16 01:44:46 +0000  copying file ./en.lproj/MainStoryboard_iPhone.storyboardc/UIViewController-rQJ-52-akM.nib ... 
2021-02-16 01:44:46 +0000  1038 bytes for ./en.lproj/MainStoryboard_iPhone.storyboardc/UIViewController-rQJ-52-akM.nib
2021-02-16 01:44:46 +0000  copying file ./en.lproj/MainStoryboard_iPhone.storyboardc/UIViewController-OBg-Rh-IAL.nib ... 
2021-02-16 01:44:46 +0000  1310 bytes for ./en.lproj/MainStoryboard_iPhone.storyboardc/UIViewController-OBg-Rh-IAL.nib
2021-02-16 01:44:46 +0000  copying file ./en.lproj/MainStoryboard_iPhone.storyboardc/Info.plist ... 
577 bytes for ./en.lproj/MainStoryboard_iPhone.storyboardc/Info.plist
2021-02-16 01:44:46 +0000  copying file ./en.lproj/MainStoryboard_iPhone.storyboardc/zqe-I9-ODe-view-ije-1Y-stm.nib ... 
2021-02-16 01:44:46 +0000  5844 bytes for ./en.lproj/MainStoryboard_iPhone.storyboardc/zqe-I9-ODe-view-ije-1Y-stm.nib
2021-02-16 01:44:46 +0000  copying file ./en.lproj/MainStoryboard_iPhone.storyboardc/UINavigationController-o9L-13-pG1.nib ... 
2021-02-16 01:44:46 +0000  3438 bytes for ./en.lproj/MainStoryboard_iPhone.storyboardc/UINavigationController-o9L-13-pG1.nib
2021-02-16 01:44:46 +0000  copying file ./en.lproj/register_22.html ... 
2021-02-16 01:44:46 +0000  2228 bytes for ./en.lproj/register_22.html
2021-02-16 01:44:46 +0000  copying file ./en.lproj/MainStoryboard_iPad.storyboardc/UIViewController-2.nib ... 
2021-02-16 01:44:46 +0000  898 bytes for ./en.lproj/MainStoryboard_iPad.storyboardc/UIViewController-2.nib
2021-02-16 01:44:46 +0000  copying file ./en.lproj/MainStoryboard_iPad.storyboardc/2-view-5.nib ... 
2021-02-16 01:44:46 +0000  1836 bytes for ./en.lproj/MainStoryboard_iPad.storyboardc/2-view-5.nib
2021-02-16 01:44:46 +0000  copying file ./en.lproj/MainStoryboard_iPad.storyboardc/Info.plist ... 
2021-02-16 01:44:46 +0000  231 bytes for ./en.lproj/MainStoryboard_iPad.storyboardc/Info.plist
2021-02-16 01:44:46 +0000  copying file ./en.lproj/Localizable.strings ... 
2021-02-16 01:44:46 +0000  10792 bytes for ./en.lproj/Localizable.strings
2021-02-16 01:44:46 +0000  copying file ./en.lproj/InfoPlist.strings ... 
2021-02-16 01:44:46 +0000  42 bytes for ./en.lproj/InfoPlist.strings
2021-02-16 01:44:46 +0000  copying file ./en.lproj/register_11.html ... 
2021-02-16 01:44:46 +0000  2229 bytes for ./en.lproj/register_11.html
2021-02-16 01:44:46 +0000  copying file ./en.lproj/file_info.html ... 
2021-02-16 01:44:46 +0000  1950 bytes for ./en.lproj/file_info.html
2021-02-16 01:44:46 +0000  copying file ./en.lproj/user_setting.html ... 
2021-02-16 01:44:46 +0000  2623 bytes for ./en.lproj/user_setting.html
2021-02-16 01:44:46 +0000  copying file ./en.lproj/MainStoryboard_iPad2.storyboardc/UIViewController-4oe-b6-hCA.nib ... 
2021-02-16 01:44:46 +0000  2020 bytes for ./en.lproj/MainStoryboard_iPad2.storyboardc/UIViewController-4oe-b6-hCA.nib
2021-02-16 01:44:46 +0000  copying file ./en.lproj/MainStoryboard_iPad2.storyboardc/OBg-Rh-IAL-view-7z1-LK-p8D.nib ... 
2021-02-16 01:44:46 +0000  2237 bytes for ./en.lproj/MainStoryboard_iPad2.storyboardc/OBg-Rh-IAL-view-7z1-LK-p8D.nib
2021-02-16 01:44:46 +0000  copying file ./en.lproj/MainStoryboard_iPad2.storyboardc/4oe-b6-hCA-view-I0w-gR-Dg9.nib ... 
2021-02-16 01:44:46 +0000  3179 bytes for ./en.lproj/MainStoryboard_iPad2.storyboardc/4oe-b6-hCA-view-I0w-gR-Dg9.nib
2021-02-16 01:44:46 +0000  copying file ./en.lproj/MainStoryboard_iPad2.storyboardc/rQJ-52-akM-view-oKv-2D-fKf.nib ... 
2021-02-16 01:44:46 +0000  1019 bytes for ./en.lproj/MainStoryboard_iPad2.storyboardc/rQJ-52-akM-view-oKv-2D-fKf.nib
2021-02-16 01:44:46 +0000  copying file ./en.lproj/MainStoryboard_iPad2.storyboardc/SB_TABLEMAIN.nib ... 
2021-02-16 01:44:46 +0000  2627 bytes for ./en.lproj/MainStoryboard_iPad2.storyboardc/SB_TABLEMAIN.nib
2021-02-16 01:44:46 +0000  copying file ./en.lproj/MainStoryboard_iPad2.storyboardc/FCPDFScrollViewController.nib ... 
2021-02-16 01:44:46 +0000  1040 bytes for ./en.lproj/MainStoryboard_iPad2.storyboardc/FCPDFScrollViewController.nib
2021-02-16 01:44:46 +0000  copying file ./en.lproj/MainStoryboard_iPad2.storyboardc/cW9-y5-jHl-view-ScM-ho-s8l.nib ... 
2021-02-16 01:44:46 +0000  2855 bytes for ./en.lproj/MainStoryboard_iPad2.storyboardc/cW9-y5-jHl-view-ScM-ho-s8l.nib
2021-02-16 01:44:46 +0000  copying file ./en.lproj/MainStoryboard_iPad2.storyboardc/UIViewController-rQJ-52-akM.nib ... 
2021-02-16 01:44:46 +0000  1038 bytes for ./en.lproj/MainStoryboard_iPad2.storyboardc/UIViewController-rQJ-52-akM.nib
2021-02-16 01:44:46 +0000  copying file ./en.lproj/MainStoryboard_iPad2.storyboardc/UIViewController-OBg-Rh-IAL.nib ... 
2021-02-16 01:44:46 +0000  1310 bytes for ./en.lproj/MainStoryboard_iPad2.storyboardc/UIViewController-OBg-Rh-IAL.nib
2021-02-16 01:44:46 +0000  copying file ./en.lproj/MainStoryboard_iPad2.storyboardc/Info.plist ... 
2021-02-16 01:44:46 +0000  577 bytes for ./en.lproj/MainStoryboard_iPad2.storyboardc/Info.plist
2021-02-16 01:44:46 +0000  copying file ./en.lproj/MainStoryboard_iPad2.storyboardc/zqe-I9-ODe-view-ije-1Y-stm.nib ... 
2021-02-16 01:44:46 +0000  5036 bytes for ./en.lproj/MainStoryboard_iPad2.storyboardc/zqe-I9-ODe-view-ije-1Y-stm.nib
2021-02-16 01:44:46 +0000  copying file ./en.lproj/MainStoryboard_iPad2.storyboardc/UINavigationController-o9L-13-pG1.nib ... 
2021-02-16 01:44:46 +0000  3436 bytes for ./en.lproj/MainStoryboard_iPad2.storyboardc/UINavigationController-o9L-13-pG1.nib
2021-02-16 01:44:46 +0000  copying file ./en.lproj/register_30.html ... 
2021-02-16 01:44:46 +0000  1917 bytes for ./en.lproj/register_30.html
2021-02-16 01:44:46 +0000  copying file ./en.lproj/register_10.html ... 
2021-02-16 01:44:46 +0000  2499 bytes for ./en.lproj/register_10.html
2021-02-16 01:44:46 +0000  copying file ./en.lproj/network_setting.html ... 
2021-02-16 01:44:46 +0000  2925 bytes for ./en.lproj/network_setting.html
2021-02-16 01:44:46 +0000  copying file ./en.lproj/version.html ... 
2021-02-16 01:44:46 +0000  1470 bytes for ./en.lproj/version.html
2021-02-16 01:44:46 +0000  copying file ./en.lproj/register_00.html ... 
2021-02-16 01:44:46 +0000  3718 bytes for ./en.lproj/register_00.html
2021-02-16 01:44:46 +0000  copying file ./en.lproj/register_20.html ... 
2021-02-16 01:44:46 +0000  2461 bytes for ./en.lproj/register_20.html
2021-02-16 01:44:46 +0000  copying file ./fcl_iOSReaderIcon_44_58.png ... 
2021-02-16 01:44:46 +0000  688 bytes for ./fcl_iOSReaderIcon_44_58.png
2021-02-16 01:44:46 +0000  copying file ./Icon-50@2x.png ... 
2021-02-16 01:44:46 +0000  2452 bytes for ./Icon-50@2x.png
2021-02-16 01:44:46 +0000  copying file ./icon_settings@2x.png ... 
2021-02-16 01:44:46 +0000  596 bytes for ./icon_settings@2x.png
2021-02-16 01:44:46 +0000  copying file ./icon_settings.png ... 
2021-02-16 01:44:46 +0000  809 bytes for ./icon_settings.png
copying file ./fcl_appIcon_120.png ... 
2021-02-16 01:44:46 +0000  2802 bytes for ./fcl_appIcon_120.png
2021-02-16 01:44:46 +0000  copying file ./Default@2x.png ... 
2021-02-16 01:44:46 +0000  5056 bytes for ./Default@2x.png
2021-02-16 01:44:46 +0000  copying file ./Icon-29@2x.png ... 
2021-02-16 01:44:46 +0000  1496 bytes for ./Icon-29@2x.png
2021-02-16 01:44:46 +0000  copying file ./AppIcon60x60@2x.png ... 
2021-02-16 01:44:46 +0000  17182 bytes for ./AppIcon60x60@2x.png
2021-02-16 01:44:46 +0000  copying file ./FinalCodeReader ... 
2021-02-16 01:44:46 +0000  1829616 bytes for ./FinalCodeReader
2021-02-16 01:44:46 +0000  copying file ./fcl_appIcon_152.png ... 
3472 bytes for ./fcl_appIcon_152.png
copying file ./AppIcon29x29@2x.png ... 
15874 bytes for ./AppIcon29x29@2x.png
copying file ./footer_p.gif ... 
77 bytes for ./footer_p.gif
2021-02-16 01:44:46 +0000  copying file ./Launch Screen.storyboardc/01J-lp-oVM-view-Ze5-6b-2t3.nib ... 
2021-02-16 01:44:46 +0000  2670 bytes for ./Launch Screen.storyboardc/01J-lp-oVM-view-Ze5-6b-2t3.nib
2021-02-16 01:44:46 +0000  copying file ./Launch Screen.storyboardc/UIViewController-01J-lp-oVM.nib ... 
2021-02-16 01:44:46 +0000  896 bytes for ./Launch Screen.storyboardc/UIViewController-01J-lp-oVM.nib
2021-02-16 01:44:46 +0000  copying file ./Launch Screen.storyboardc/Info.plist ... 
2021-02-16 01:44:46 +0000  258 bytes for ./Launch Screen.storyboardc/Info.plist
2021-02-16 01:44:46 +0000  copying file ./1024_1024.png ... 
2021-02-16 01:44:46 +0000  24937 bytes for ./1024_1024.png
2021-02-16 01:44:46 +0000  copying file ./AppIcon29x29~ipad.png ... 
2021-02-16 01:44:46 +0000  15112 bytes for ./AppIcon29x29~ipad.png
2021-02-16 01:44:46 +0000  copying file ./AppIcon40x40@2x.png ... 
2021-02-16 01:44:46 +0000  18234 bytes for ./AppIcon40x40@2x.png
2021-02-16 01:44:46 +0000  copying file ./Icon-72.png ... 
2021-02-16 01:44:46 +0000  1909 bytes for ./Icon-72.png
2021-02-16 01:44:46 +0000  copying file ./AppIcon60x60@3x.png ... 
2021-02-16 01:44:46 +0000  3804 bytes for ./AppIcon60x60@3x.png
2021-02-16 01:44:46 +0000  copying file ./Icon-72@2x.png ... 
2021-02-16 01:44:46 +0000  3218 bytes for ./Icon-72@2x.png
2021-02-16 01:44:46 +0000  copying file ./fcl_appIcon_180.png ... 
2021-02-16 01:44:46 +0000  3767 bytes for ./fcl_appIcon_180.png
2021-02-16 01:44:46 +0000  copying file ./Icon@2x.png ... 
2021-02-16 01:44:46 +0000  2712 bytes for ./Icon@2x.png
2021-02-16 01:44:46 +0000  copying file ./fcl_documentIcon_64.png ... 
2021-02-16 01:44:46 +0000  796 bytes for ./fcl_documentIcon_64.png
2021-02-16 01:44:46 +0000  copying file ./bgNavi.png ... 
2021-02-16 01:44:46 +0000  141 bytes for ./bgNavi.png
2021-02-16 01:44:46 +0000  copying file ./common/css/reset.css ... 
2021-02-16 01:44:46 +0000  2711 bytes for ./common/css/reset.css
copying file ./common/css/media-queries.css ... 
2021-02-16 01:44:46 +0000  11302 bytes for ./common/css/media-queries.css
2021-02-16 01:44:46 +0000  copying file ./common/images/footer.gif ... 
2021-02-16 01:44:46 +0000  68 bytes for ./common/images/footer.gif
2021-02-16 01:44:46 +0000  copying file ./common/images/body.png ... 
2021-02-16 01:44:46 +0000  944 bytes for ./common/images/body.png
2021-02-16 01:44:46 +0000  copying file ./common/images/footer_p.gif ... 
2021-02-16 01:44:46 +0000  77 bytes for ./common/images/footer_p.gif
2021-02-16 01:44:46 +0000  copying file ./common/images/bullet.gif ... 
2021-02-16 01:44:46 +0000  582 bytes for ./common/images/bullet.gif
2021-02-16 01:44:46 +0000  copying file ./common/images/logo.png ... 
2021-02-16 01:44:46 +0000  2847 bytes for ./common/images/logo.png
2021-02-16 01:44:46 +0000  copying file ./common/js/common.js ... 
2021-02-16 01:44:46 +0000  514 bytes for ./common/js/common.js
2021-02-16 01:44:46 +0000  copying file ./Default-568h@2x.png ... 
2021-02-16 01:44:46 +0000  5753 bytes for ./Default-568h@2x.png
2021-02-16 01:44:46 +0000  copying file ./Assets.car ... 
2021-02-16 01:44:46 +0000  75448 bytes for ./Assets.car
copying file ./AppIcon40x40@2x~ipad.png ... 
2021-02-16 01:44:46 +0000  18234 bytes for ./AppIcon40x40@2x~ipad.png
copying file ./AppIcon76x76@2x~ipad.png ... 
2021-02-16 01:44:46 +0000  17852 bytes for ./AppIcon76x76@2x~ipad.png
2021-02-16 01:44:46 +0000  copying file ./Icon-50.png ... 
1289 bytes for ./Icon-50.png
copying file ./AppIcon83.5x83.5@2x~ipad.png ... 
2021-02-16 01:44:46 +0000  17995 bytes for ./AppIcon83.5x83.5@2x~ipad.png
2021-02-16 01:44:46 +0000  copying file ./common.js ... 
2021-02-16 01:44:46 +0000  514 bytes for ./common.js
2021-02-16 01:44:46 +0000  copying file ./iso639-2.plist ... 
2021-02-16 01:44:46 +0000  2805 bytes for ./iso639-2.plist
2021-02-16 01:44:46 +0000  copying file ./fcl_appIcon_80.png ... 
2021-02-16 01:44:46 +0000  2043 bytes for ./fcl_appIcon_80.png
2021-02-16 01:44:46 +0000  copying file ./AppIcon29x29@2x~ipad.png ... 
2021-02-16 01:44:46 +0000  15874 bytes for ./AppIcon29x29@2x~ipad.png
2021-02-16 01:44:46 +0000  copying file ./fcl_documentIcon_320.png ... 
2021-02-16 01:44:46 +0000  4446 bytes for ./fcl_documentIcon_320.png
2021-02-16 01:44:46 +0000  copying file ./AppIcon40x40~ipad.png ... 
2021-02-16 01:44:46 +0000  15483 bytes for ./AppIcon40x40~ipad.png
2021-02-16 01:44:46 +0000  copying file ./finalcode_reader_iOS_startguide_jp.pdf ... 
2021-02-16 01:44:46 +0000  2972466 bytes for ./finalcode_reader_iOS_startguide_jp.pdf
2021-02-16 01:44:46 +0000  copying file ./fcl_appIcon_40.png ... 
1105 bytes for ./fcl_appIcon_40.png
copying file ./fcv_userdefault.plist ... 
551 bytes for ./fcv_userdefault.plist
copying file ./embedded.mobileprovision ... 
2021-02-16 01:44:46 +0000  7403 bytes for ./embedded.mobileprovision
2021-02-16 01:44:46 +0000  copying file ./Default.png ... 
2021-02-16 01:44:46 +0000  2428 bytes for ./Default.png
2021-02-16 01:44:46 +0000  copying file ./Info.plist ... 
2021-02-16 01:44:46 +0000  3458 bytes for ./Info.plist
2021-02-16 01:44:46 +0000  copying file ./finalcode_reader_iOS_startguide_en.pdf ... 
2021-02-16 01:44:46 +0000  1743447 bytes for ./finalcode_reader_iOS_startguide_en.pdf
2021-02-16 01:44:46 +0000  copying file ./PkgInfo ... 
8 bytes for ./PkgInfo
copying file ./AppIcon76x76~ipad.png ... 
2021-02-16 01:44:46 +0000  16435 bytes for ./AppIcon76x76~ipad.png
2021-02-16 01:44:46 +0000  /usr/bin/ditto exited with 0
2021-02-16 01:44:46 +0000  Processing step: IDEDistributionEmbedProfileStep
2021-02-16 01:44:46 +0000  Processing step: IDEDistributionInfoPlistStep
2021-02-16 01:44:46 +0000  Skipping step: IDEDistributionInfoPlistStep because it said so
2021-02-16 01:44:46 +0000  Processing step: IDEDistributionAppThinningPlistStep
2021-02-16 01:44:46 +0000  Skipping step: IDEDistributionAppThinningPlistStep because it said so
2021-02-16 01:44:46 +0000  Processing step: IDEDistributionCompileBitcodeStep
2021-02-16 01:44:46 +0000  Skipping step: IDEDistributionCompileBitcodeStep because it said so
2021-02-16 01:44:46 +0000  Processing step: IDEDistributionCodeSlimmingStep
2021-02-16 01:44:46 +0000  Processing step: IDEDistributionCopyBCSymbolMapsStep
2021-02-16 01:44:46 +0000  Skipping step: IDEDistributionCopyBCSymbolMapsStep because it said so
2021-02-16 01:44:46 +0000  Processing step: IDEDistributionSymbolsStep
2021-02-16 01:44:46 +0000  Skipping step: IDEDistributionSymbolsStep because it said so
2021-02-16 01:44:46 +0000  Processing step: IDEDistributionAppThinningStep
2021-02-16 01:44:46 +0000  Skipping step: IDEDistributionAppThinningStep because it said so
2021-02-16 01:44:46 +0000  Processing step: IDEDistributionArchThinningStep
2021-02-16 01:44:46 +0000  Running /Applications/Xcode.app/Contents/Developer/Toolchains/XcodeDefault.xctoolchain/usr/bin/lipo '/var/folders/j2/b33_crj1083bk55xjzpmwprh0000gn/T/XcodeDistPipeline.~~~JUkuQG/Root/Payload/FinalCodeReader.app/FinalCodeReader' '-verify_arch' 'arm64e'
2021-02-16 01:44:46 +0000  /Applications/Xcode.app/Contents/Developer/Toolchains/XcodeDefault.xctoolchain/usr/bin/lipo exited with 1
2021-02-16 01:44:46 +0000  Skipping architecture thinning for item "FinalCodeReader" because arch "arm64e" wasn't found
2021-02-16 01:44:46 +0000  Processing step: IDEDistributionODRStep
2021-02-16 01:44:46 +0000  Processing step: IDEDistributionStripXattrsStep
2021-02-16 01:44:46 +0000  Running /usr/bin/xattr '-crs' '/var/folders/j2/b33_crj1083bk55xjzpmwprh0000gn/T/XcodeDistPipeline.~~~JUkuQG/Root/Payload/FinalCodeReader.app'
2021-02-16 01:44:46 +0000  /usr/bin/xattr exited with 0
2021-02-16 01:44:46 +0000  Processing step: IDEDistributionCodesignStep
2021-02-16 01:44:46 +0000  Entitlements for <IDEDistributionItem: 0x7fb347faffc0; bundleID='com.finalcode.FinalCodeReader', path='<DVTFilePath:0x7fb349204240:'/Users/finalcode/Library/Developer/Xcode/Archives/2021-02-16/FinalCodeReader 2021-02-16 10.44.xcarchive/Products/Applications/FinalCodeReader.app'>', codeSigningInfo='<_DVTCodeSigningInformation_Path: 0x7fb349212180; isSigned='1', isAdHocSigned='0', signingCertificate='<DVTSigningCertificate: 0x7fb3482492a0; name='iPhone Distribution: Digital Arts Inc.', hash='36AF5C3A1050ADF5E408AA0F442ADADE6F1AAFD2', serialNumber='<DVTSigningCertificateSerialNumber: 0x7fb35a10faf0>', certificateKinds='(
    "1.2.840.113635.100.6.1.4"
), issueDate='2019-02-01 09:29:16 +0000''>', entitlements='{
    "application-identifier" = "V7PZG4EZ6K.com.finalcode.FinalCodeReader";
    "com.apple.developer.team-identifier" = V7PZG4EZ6K;
    "get-task-allow" = 0;
    "keychain-access-groups" =     (
        "V7PZG4EZ6K.com.finalcode.FinalCodeReader"
    );
}', teamID='V7PZG4EZ6K', identifier='com.finalcode.FinalCodeReader', executablePath='<DVTFilePath:0x7fb3475eff00:'/Users/finalcode/Library/Developer/Xcode/Archives/2021-02-16/FinalCodeReader 2021-02-16 10.44.xcarchive/Products/Applications/FinalCodeReader.app/FinalCodeReader'>', hardenedRuntime='0'>'>: {
    "application-identifier" = "V7PZG4EZ6K.com.finalcode.FinalCodeReader";
    "com.apple.developer.team-identifier" = V7PZG4EZ6K;
    "get-task-allow" = 0;
    "keychain-access-groups" =     (
        "V7PZG4EZ6K.com.finalcode.FinalCodeReader"
    );
}
2021-02-16 01:44:46 +0000  Entitlements for <IDEDistributionItem: 0x7fb347faffc0; bundleID='com.finalcode.FinalCodeReader', path='<DVTFilePath:0x7fb349204240:'/Users/finalcode/Library/Developer/Xcode/Archives/2021-02-16/FinalCodeReader 2021-02-16 10.44.xcarchive/Products/Applications/FinalCodeReader.app'>', codeSigningInfo='<_DVTCodeSigningInformation_Path: 0x7fb349212180; isSigned='1', isAdHocSigned='0', signingCertificate='<DVTSigningCertificate: 0x7fb3489391b0; name='iPhone Distribution: Digital Arts Inc.', hash='36AF5C3A1050ADF5E408AA0F442ADADE6F1AAFD2', serialNumber='<DVTSigningCertificateSerialNumber: 0x7fb347f05bf0>', certificateKinds='(
    "1.2.840.113635.100.6.1.4"
), issueDate='2019-02-01 09:29:16 +0000''>', entitlements='{
    "application-identifier" = "V7PZG4EZ6K.com.finalcode.FinalCodeReader";
    "com.apple.developer.team-identifier" = V7PZG4EZ6K;
    "get-task-allow" = 0;
    "keychain-access-groups" =     (
        "V7PZG4EZ6K.com.finalcode.FinalCodeReader"
    );
}', teamID='V7PZG4EZ6K', identifier='com.finalcode.FinalCodeReader', executablePath='<DVTFilePath:0x7fb3475eff00:'/Users/finalcode/Library/Developer/Xcode/Archives/2021-02-16/FinalCodeReader 2021-02-16 10.44.xcarchive/Products/Applications/FinalCodeReader.app/FinalCodeReader'>', hardenedRuntime='0'>'> are: {
    "application-identifier" = "V7PZG4EZ6K.com.finalcode.FinalCodeReader";
    "com.apple.developer.team-identifier" = V7PZG4EZ6K;
    "get-task-allow" = 0;
    "keychain-access-groups" =     (
        "V7PZG4EZ6K.com.finalcode.FinalCodeReader"
    );
}
2021-02-16 01:44:46 +0000  Writing entitlements for <IDEDistributionItem: 0x7fb347faffc0; bundleID='com.finalcode.FinalCodeReader', path='<DVTFilePath:0x7fb349204240:'/Users/finalcode/Library/Developer/Xcode/Archives/2021-02-16/FinalCodeReader 2021-02-16 10.44.xcarchive/Products/Applications/FinalCodeReader.app'>', codeSigningInfo='<_DVTCodeSigningInformation_Path: 0x7fb349212180; isSigned='1', isAdHocSigned='0', signingCertificate='<DVTSigningCertificate: 0x7fb346698220; name='iPhone Distribution: Digital Arts Inc.', hash='36AF5C3A1050ADF5E408AA0F442ADADE6F1AAFD2', serialNumber='<DVTSigningCertificateSerialNumber: 0x7fb35d8307c0>', certificateKinds='(
    "1.2.840.113635.100.6.1.4"
), issueDate='2019-02-01 09:29:16 +0000''>', entitlements='{
    "application-identifier" = "V7PZG4EZ6K.com.finalcode.FinalCodeReader";
    "com.apple.developer.team-identifier" = V7PZG4EZ6K;
    "get-task-allow" = 0;
    "keychain-access-groups" =     (
        "V7PZG4EZ6K.com.finalcode.FinalCodeReader"
    );
}', teamID='V7PZG4EZ6K', identifier='com.finalcode.FinalCodeReader', executablePath='<DVTFilePath:0x7fb3475eff00:'/Users/finalcode/Library/Developer/Xcode/Archives/2021-02-16/FinalCodeReader 2021-02-16 10.44.xcarchive/Products/Applications/FinalCodeReader.app/FinalCodeReader'>', hardenedRuntime='0'>'> to: /var/folders/j2/b33_crj1083bk55xjzpmwprh0000gn/T/XcodeDistPipeline.~~~JUkuQG/entitlements~~~swJOBk
2021-02-16 01:44:46 +0000  Running /usr/bin/codesign '-vvv' '--force' '--sign' '36AF5C3A1050ADF5E408AA0F442ADADE6F1AAFD2' '--entitlements' '/var/folders/j2/b33_crj1083bk55xjzpmwprh0000gn/T/XcodeDistPipeline.~~~JUkuQG/entitlements~~~swJOBk' '--preserve-metadata=identifier,flags,runtime' '/var/folders/j2/b33_crj1083bk55xjzpmwprh0000gn/T/XcodeDistPipeline.~~~JUkuQG/Root/Payload/FinalCodeReader.app'
2021-02-16 01:44:47 +0000  /var/folders/j2/b33_crj1083bk55xjzpmwprh0000gn/T/XcodeDistPipeline.~~~JUkuQG/Root/Payload/FinalCodeReader.app: replacing existing signature
2021-02-16 01:44:47 +0000  /var/folders/j2/b33_crj1083bk55xjzpmwprh0000gn/T/XcodeDistPipeline.~~~JUkuQG/Root/Payload/FinalCodeReader.app: signed app bundle with Mach-O universal (armv7 arm64) [com.finalcode.FinalCodeReader]
2021-02-16 01:44:47 +0000  /usr/bin/codesign exited with 0
2021-02-16 01:44:47 +0000  Processing step: IDEDistributionZipODRItemStep
2021-02-16 01:44:47 +0000  Skipping step: IDEDistributionZipODRItemStep because it said so
2021-02-16 01:44:47 +0000  Processing step: IDEDistributionCreateIPAStep
2021-02-16 01:44:47 +0000  Running /usr/bin/ditto '-V' '-c' '-k' '--norsrc' '/var/folders/j2/b33_crj1083bk55xjzpmwprh0000gn/T/XcodeDistPipeline.~~~JUkuQG/Root' '/var/folders/j2/b33_crj1083bk55xjzpmwprh0000gn/T/XcodeDistPipeline.~~~JUkuQG/Packages/FinalCodeReader.ipa'
2021-02-16 01:44:47 +0000  >>> Copying /var/folders/j2/b33_crj1083bk55xjzpmwprh0000gn/T/XcodeDistPipeline.~~~JUkuQG/Root 
2021-02-16 01:44:47 +0000  copying file ./Payload/FinalCodeReader.app/_CodeSignature/CodeResources ... 
2021-02-16 01:44:47 +0000  43656 bytes for ./Payload/FinalCodeReader.app/_CodeSignature/CodeResources
2021-02-16 01:44:47 +0000  copying file ./Payload/FinalCodeReader.app/FCLogo_whiteB_400.png ... 
2021-02-16 01:44:47 +0000  5007 bytes for ./Payload/FinalCodeReader.app/FCLogo_whiteB_400.png
copying file ./Payload/FinalCodeReader.app/fcl_appIcon_76.png ... 
2021-02-16 01:44:47 +0000  2057 bytes for ./Payload/FinalCodeReader.app/fcl_appIcon_76.png
2021-02-16 01:44:47 +0000  copying file ./Payload/FinalCodeReader.app/ja.lproj/add_server_00.html ... 
2021-02-16 01:44:47 +0000  1898 bytes for ./Payload/FinalCodeReader.app/ja.lproj/add_server_00.html
copying file ./Payload/FinalCodeReader.app/ja.lproj/register.css ... 
2021-02-16 01:44:47 +0000  122 bytes for ./Payload/FinalCodeReader.app/ja.lproj/register.css
copying file ./Payload/FinalCodeReader.app/ja.lproj/register_22.html ... 
2021-02-16 01:44:47 +0000  2281 bytes for ./Payload/FinalCodeReader.app/ja.lproj/register_22.html
2021-02-16 01:44:47 +0000  copying file ./Payload/FinalCodeReader.app/ja.lproj/Localizable.strings ... 
2021-02-16 01:44:47 +0000  8035 bytes for ./Payload/FinalCodeReader.app/ja.lproj/Localizable.strings
2021-02-16 01:44:47 +0000  copying file ./Payload/FinalCodeReader.app/ja.lproj/InfoPlist.strings ... 
42 bytes for ./Payload/FinalCodeReader.app/ja.lproj/InfoPlist.strings
2021-02-16 01:44:47 +0000  copying file ./Payload/FinalCodeReader.app/ja.lproj/register_11.html ... 
2021-02-16 01:44:47 +0000  2736 bytes for ./Payload/FinalCodeReader.app/ja.lproj/register_11.html
2021-02-16 01:44:47 +0000  copying file ./Payload/FinalCodeReader.app/ja.lproj/file_info.html ... 
2021-02-16 01:44:47 +0000  1958 bytes for ./Payload/FinalCodeReader.app/ja.lproj/file_info.html
2021-02-16 01:44:47 +0000  copying file ./Payload/FinalCodeReader.app/ja.lproj/user_setting.html ... 
2021-02-16 01:44:47 +0000  2761 bytes for ./Payload/FinalCodeReader.app/ja.lproj/user_setting.html
copying file ./Payload/FinalCodeReader.app/ja.lproj/register_30.html ... 
2021-02-16 01:44:47 +0000  1925 bytes for ./Payload/FinalCodeReader.app/ja.lproj/register_30.html
2021-02-16 01:44:47 +0000  copying file ./Payload/FinalCodeReader.app/ja.lproj/register_10.html ... 
2021-02-16 01:44:47 +0000  2721 bytes for ./Payload/FinalCodeReader.app/ja.lproj/register_10.html
copying file ./Payload/FinalCodeReader.app/ja.lproj/network_setting.html ... 
2021-02-16 01:44:47 +0000  3006 bytes for ./Payload/FinalCodeReader.app/ja.lproj/network_setting.html
2021-02-16 01:44:47 +0000  copying file ./Payload/FinalCodeReader.app/ja.lproj/version.html ... 
2021-02-16 01:44:47 +0000  1555 bytes for ./Payload/FinalCodeReader.app/ja.lproj/version.html
copying file ./Payload/FinalCodeReader.app/ja.lproj/register_00.html ... 
2021-02-16 01:44:47 +0000  4161 bytes for ./Payload/FinalCodeReader.app/ja.lproj/register_00.html
2021-02-16 01:44:47 +0000  copying file ./Payload/FinalCodeReader.app/ja.lproj/register_20.html ... 
2021-02-16 01:44:47 +0000  2612 bytes for ./Payload/FinalCodeReader.app/ja.lproj/register_20.html
2021-02-16 01:44:47 +0000  copying file ./Payload/FinalCodeReader.app/Icon-29.png ... 
734 bytes for ./Payload/FinalCodeReader.app/Icon-29.png
2021-02-16 01:44:47 +0000  copying file ./Payload/FinalCodeReader.app/Icon.png ... 
2021-02-16 01:44:47 +0000  1376 bytes for ./Payload/FinalCodeReader.app/Icon.png
2021-02-16 01:44:47 +0000  copying file ./Payload/FinalCodeReader.app/en.lproj/add_server_00.html ... 
2036 bytes for ./Payload/FinalCodeReader.app/en.lproj/add_server_00.html
2021-02-16 01:44:47 +0000  copying file ./Payload/FinalCodeReader.app/en.lproj/register.css ... 
251 bytes for ./Payload/FinalCodeReader.app/en.lproj/register.css
2021-02-16 01:44:47 +0000  copying file ./Payload/FinalCodeReader.app/en.lproj/MainStoryboard_iPhone.storyboardc/UIViewController-4oe-b6-hCA.nib ... 
2021-02-16 01:44:47 +0000  2020 bytes for ./Payload/FinalCodeReader.app/en.lproj/MainStoryboard_iPhone.storyboardc/UIViewController-4oe-b6-hCA.nib
2021-02-16 01:44:47 +0000  copying file ./Payload/FinalCodeReader.app/en.lproj/MainStoryboard_iPhone.storyboardc/OBg-Rh-IAL-view-7z1-LK-p8D.nib ... 
2021-02-16 01:44:47 +0000  2240 bytes for ./Payload/FinalCodeReader.app/en.lproj/MainStoryboard_iPhone.storyboardc/OBg-Rh-IAL-view-7z1-LK-p8D.nib
2021-02-16 01:44:47 +0000  copying file ./Payload/FinalCodeReader.app/en.lproj/MainStoryboard_iPhone.storyboardc/4oe-b6-hCA-view-I0w-gR-Dg9.nib ... 
2021-02-16 01:44:47 +0000  3183 bytes for ./Payload/FinalCodeReader.app/en.lproj/MainStoryboard_iPhone.storyboardc/4oe-b6-hCA-view-I0w-gR-Dg9.nib
2021-02-16 01:44:47 +0000  copying file ./Payload/FinalCodeReader.app/en.lproj/MainStoryboard_iPhone.storyboardc/rQJ-52-akM-view-oKv-2D-fKf.nib ... 
2021-02-16 01:44:47 +0000  1019 bytes for ./Payload/FinalCodeReader.app/en.lproj/MainStoryboard_iPhone.storyboardc/rQJ-52-akM-view-oKv-2D-fKf.nib
copying file ./Payload/FinalCodeReader.app/en.lproj/MainStoryboard_iPhone.storyboardc/SB_TABLEMAIN.nib ... 
2021-02-16 01:44:47 +0000  2630 bytes for ./Payload/FinalCodeReader.app/en.lproj/MainStoryboard_iPhone.storyboardc/SB_TABLEMAIN.nib
copying file ./Payload/FinalCodeReader.app/en.lproj/MainStoryboard_iPhone.storyboardc/FCPDFScrollViewController.nib ... 
2021-02-16 01:44:47 +0000  1040 bytes for ./Payload/FinalCodeReader.app/en.lproj/MainStoryboard_iPhone.storyboardc/FCPDFScrollViewController.nib
copying file ./Payload/FinalCodeReader.app/en.lproj/MainStoryboard_iPhone.storyboardc/cW9-y5-jHl-view-ScM-ho-s8l.nib ... 
2021-02-16 01:44:47 +0000  2847 bytes for ./Payload/FinalCodeReader.app/en.lproj/MainStoryboard_iPhone.storyboardc/cW9-y5-jHl-view-ScM-ho-s8l.nib
2021-02-16 01:44:47 +0000  copying file ./Payload/FinalCodeReader.app/en.lproj/MainStoryboard_iPhone.storyboardc/UIViewController-rQJ-52-akM.nib ... 
2021-02-16 01:44:47 +0000  1038 bytes for ./Payload/FinalCodeReader.app/en.lproj/MainStoryboard_iPhone.storyboardc/UIViewController-rQJ-52-akM.nib
copying file ./Payload/FinalCodeReader.app/en.lproj/MainStoryboard_iPhone.storyboardc/UIViewController-OBg-Rh-IAL.nib ... 
2021-02-16 01:44:47 +0000  1310 bytes for ./Payload/FinalCodeReader.app/en.lproj/MainStoryboard_iPhone.storyboardc/UIViewController-OBg-Rh-IAL.nib
copying file ./Payload/FinalCodeReader.app/en.lproj/MainStoryboard_iPhone.storyboardc/Info.plist ... 
2021-02-16 01:44:47 +0000  577 bytes for ./Payload/FinalCodeReader.app/en.lproj/MainStoryboard_iPhone.storyboardc/Info.plist
copying file ./Payload/FinalCodeReader.app/en.lproj/MainStoryboard_iPhone.storyboardc/zqe-I9-ODe-view-ije-1Y-stm.nib ... 
2021-02-16 01:44:47 +0000  5844 bytes for ./Payload/FinalCodeReader.app/en.lproj/MainStoryboard_iPhone.storyboardc/zqe-I9-ODe-view-ije-1Y-stm.nib
2021-02-16 01:44:47 +0000  copying file ./Payload/FinalCodeReader.app/en.lproj/MainStoryboard_iPhone.storyboardc/UINavigationController-o9L-13-pG1.nib ... 
2021-02-16 01:44:47 +0000  3438 bytes for ./Payload/FinalCodeReader.app/en.lproj/MainStoryboard_iPhone.storyboardc/UINavigationController-o9L-13-pG1.nib
2021-02-16 01:44:47 +0000  copying file ./Payload/FinalCodeReader.app/en.lproj/register_22.html ... 
2021-02-16 01:44:47 +0000  2228 bytes for ./Payload/FinalCodeReader.app/en.lproj/register_22.html
2021-02-16 01:44:47 +0000  copying file ./Payload/FinalCodeReader.app/en.lproj/MainStoryboard_iPad.storyboardc/UIViewController-2.nib ... 
2021-02-16 01:44:47 +0000  898 bytes for ./Payload/FinalCodeReader.app/en.lproj/MainStoryboard_iPad.storyboardc/UIViewController-2.nib
copying file ./Payload/FinalCodeReader.app/en.lproj/MainStoryboard_iPad.storyboardc/2-view-5.nib ... 
2021-02-16 01:44:47 +0000  1836 bytes for ./Payload/FinalCodeReader.app/en.lproj/MainStoryboard_iPad.storyboardc/2-view-5.nib
2021-02-16 01:44:47 +0000  copying file ./Payload/FinalCodeReader.app/en.lproj/MainStoryboard_iPad.storyboardc/Info.plist ... 
231 bytes for ./Payload/FinalCodeReader.app/en.lproj/MainStoryboard_iPad.storyboardc/Info.plist
2021-02-16 01:44:47 +0000  copying file ./Payload/FinalCodeReader.app/en.lproj/Localizable.strings ... 
2021-02-16 01:44:47 +0000  10792 bytes for ./Payload/FinalCodeReader.app/en.lproj/Localizable.strings
2021-02-16 01:44:47 +0000  copying file ./Payload/FinalCodeReader.app/en.lproj/InfoPlist.strings ... 
42 bytes for ./Payload/FinalCodeReader.app/en.lproj/InfoPlist.strings
2021-02-16 01:44:47 +0000  copying file ./Payload/FinalCodeReader.app/en.lproj/register_11.html ... 
2021-02-16 01:44:47 +0000  2229 bytes for ./Payload/FinalCodeReader.app/en.lproj/register_11.html
copying file ./Payload/FinalCodeReader.app/en.lproj/file_info.html ... 
2021-02-16 01:44:47 +0000  1950 bytes for ./Payload/FinalCodeReader.app/en.lproj/file_info.html
2021-02-16 01:44:47 +0000  copying file ./Payload/FinalCodeReader.app/en.lproj/user_setting.html ... 
2021-02-16 01:44:47 +0000  2623 bytes for ./Payload/FinalCodeReader.app/en.lproj/user_setting.html
2021-02-16 01:44:47 +0000  copying file ./Payload/FinalCodeReader.app/en.lproj/MainStoryboard_iPad2.storyboardc/UIViewController-4oe-b6-hCA.nib ... 
2021-02-16 01:44:47 +0000  2020 bytes for ./Payload/FinalCodeReader.app/en.lproj/MainStoryboard_iPad2.storyboardc/UIViewController-4oe-b6-hCA.nib
copying file ./Payload/FinalCodeReader.app/en.lproj/MainStoryboard_iPad2.storyboardc/OBg-Rh-IAL-view-7z1-LK-p8D.nib ... 
2021-02-16 01:44:47 +0000  2237 bytes for ./Payload/FinalCodeReader.app/en.lproj/MainStoryboard_iPad2.storyboardc/OBg-Rh-IAL-view-7z1-LK-p8D.nib
2021-02-16 01:44:47 +0000  copying file ./Payload/FinalCodeReader.app/en.lproj/MainStoryboard_iPad2.storyboardc/4oe-b6-hCA-view-I0w-gR-Dg9.nib ... 
2021-02-16 01:44:47 +0000  3179 bytes for ./Payload/FinalCodeReader.app/en.lproj/MainStoryboard_iPad2.storyboardc/4oe-b6-hCA-view-I0w-gR-Dg9.nib
2021-02-16 01:44:47 +0000  copying file ./Payload/FinalCodeReader.app/en.lproj/MainStoryboard_iPad2.storyboardc/rQJ-52-akM-view-oKv-2D-fKf.nib ... 
1019 bytes for ./Payload/FinalCodeReader.app/en.lproj/MainStoryboard_iPad2.storyboardc/rQJ-52-akM-view-oKv-2D-fKf.nib
2021-02-16 01:44:47 +0000  copying file ./Payload/FinalCodeReader.app/en.lproj/MainStoryboard_iPad2.storyboardc/SB_TABLEMAIN.nib ... 
2021-02-16 01:44:47 +0000  2627 bytes for ./Payload/FinalCodeReader.app/en.lproj/MainStoryboard_iPad2.storyboardc/SB_TABLEMAIN.nib
copying file ./Payload/FinalCodeReader.app/en.lproj/MainStoryboard_iPad2.storyboardc/FCPDFScrollViewController.nib ... 
2021-02-16 01:44:47 +0000  1040 bytes for ./Payload/FinalCodeReader.app/en.lproj/MainStoryboard_iPad2.storyboardc/FCPDFScrollViewController.nib
2021-02-16 01:44:47 +0000  copying file ./Payload/FinalCodeReader.app/en.lproj/MainStoryboard_iPad2.storyboardc/cW9-y5-jHl-view-ScM-ho-s8l.nib ... 
2021-02-16 01:44:47 +0000  2855 bytes for ./Payload/FinalCodeReader.app/en.lproj/MainStoryboard_iPad2.storyboardc/cW9-y5-jHl-view-ScM-ho-s8l.nib
copying file ./Payload/FinalCodeReader.app/en.lproj/MainStoryboard_iPad2.storyboardc/UIViewController-rQJ-52-akM.nib ... 
2021-02-16 01:44:47 +0000  1038 bytes for ./Payload/FinalCodeReader.app/en.lproj/MainStoryboard_iPad2.storyboardc/UIViewController-rQJ-52-akM.nib
2021-02-16 01:44:47 +0000  copying file ./Payload/FinalCodeReader.app/en.lproj/MainStoryboard_iPad2.storyboardc/UIViewController-OBg-Rh-IAL.nib ... 
2021-02-16 01:44:47 +0000  1310 bytes for ./Payload/FinalCodeReader.app/en.lproj/MainStoryboard_iPad2.storyboardc/UIViewController-OBg-Rh-IAL.nib
copying file ./Payload/FinalCodeReader.app/en.lproj/MainStoryboard_iPad2.storyboardc/Info.plist ... 
2021-02-16 01:44:47 +0000  577 bytes for ./Payload/FinalCodeReader.app/en.lproj/MainStoryboard_iPad2.storyboardc/Info.plist
copying file ./Payload/FinalCodeReader.app/en.lproj/MainStoryboard_iPad2.storyboardc/zqe-I9-ODe-view-ije-1Y-stm.nib ... 
5036 bytes for ./Payload/FinalCodeReader.app/en.lproj/MainStoryboard_iPad2.storyboardc/zqe-I9-ODe-view-ije-1Y-stm.nib
copying file ./Payload/FinalCodeReader.app/en.lproj/MainStoryboard_iPad2.storyboardc/UINavigationController-o9L-13-pG1.nib ... 
3436 bytes for ./Payload/FinalCodeReader.app/en.lproj/MainStoryboard_iPad2.storyboardc/UINavigationController-o9L-13-pG1.nib
copying file ./Payload/FinalCodeReader.app/en.lproj/register_30.html ... 
2021-02-16 01:44:47 +0000  1917 bytes for ./Payload/FinalCodeReader.app/en.lproj/register_30.html
copying file ./Payload/FinalCodeReader.app/en.lproj/register_10.html ... 
2499 bytes for ./Payload/FinalCodeReader.app/en.lproj/register_10.html
copying file ./Payload/FinalCodeReader.app/en.lproj/network_setting.html ... 
2925 bytes for ./Payload/FinalCodeReader.app/en.lproj/network_setting.html
2021-02-16 01:44:47 +0000  copying file ./Payload/FinalCodeReader.app/en.lproj/version.html ... 
1470 bytes for ./Payload/FinalCodeReader.app/en.lproj/version.html
2021-02-16 01:44:47 +0000  copying file ./Payload/FinalCodeReader.app/en.lproj/register_00.html ... 
2021-02-16 01:44:47 +0000  3718 bytes for ./Payload/FinalCodeReader.app/en.lproj/register_00.html
copying file ./Payload/FinalCodeReader.app/en.lproj/register_20.html ... 
2021-02-16 01:44:47 +0000  2461 bytes for ./Payload/FinalCodeReader.app/en.lproj/register_20.html
2021-02-16 01:44:47 +0000  copying file ./Payload/FinalCodeReader.app/fcl_iOSReaderIcon_44_58.png ... 
2021-02-16 01:44:47 +0000  688 bytes for ./Payload/FinalCodeReader.app/fcl_iOSReaderIcon_44_58.png
copying file ./Payload/FinalCodeReader.app/Icon-50@2x.png ... 
2021-02-16 01:44:47 +0000  2452 bytes for ./Payload/FinalCodeReader.app/Icon-50@2x.png
copying file ./Payload/FinalCodeReader.app/icon_settings@2x.png ... 
2021-02-16 01:44:47 +0000  596 bytes for ./Payload/FinalCodeReader.app/icon_settings@2x.png
copying file ./Payload/FinalCodeReader.app/icon_settings.png ... 
2021-02-16 01:44:47 +0000  809 bytes for ./Payload/FinalCodeReader.app/icon_settings.png
copying file ./Payload/FinalCodeReader.app/fcl_appIcon_120.png ... 
2021-02-16 01:44:47 +0000  2802 bytes for ./Payload/FinalCodeReader.app/fcl_appIcon_120.png
copying file ./Payload/FinalCodeReader.app/Default@2x.png ... 
2021-02-16 01:44:47 +0000  5056 bytes for ./Payload/FinalCodeReader.app/Default@2x.png
2021-02-16 01:44:47 +0000  copying file ./Payload/FinalCodeReader.app/Icon-29@2x.png ... 
2021-02-16 01:44:47 +0000  1496 bytes for ./Payload/FinalCodeReader.app/Icon-29@2x.png
copying file ./Payload/FinalCodeReader.app/AppIcon60x60@2x.png ... 
2021-02-16 01:44:47 +0000  17182 bytes for ./Payload/FinalCodeReader.app/AppIcon60x60@2x.png
2021-02-16 01:44:47 +0000  copying file ./Payload/FinalCodeReader.app/FinalCodeReader ... 
2021-02-16 01:44:47 +0000  1829616 bytes for ./Payload/FinalCodeReader.app/FinalCodeReader
2021-02-16 01:44:47 +0000  copying file ./Payload/FinalCodeReader.app/fcl_appIcon_152.png ... 
2021-02-16 01:44:47 +0000  3472 bytes for ./Payload/FinalCodeReader.app/fcl_appIcon_152.png
copying file ./Payload/FinalCodeReader.app/AppIcon29x29@2x.png ... 
2021-02-16 01:44:47 +0000  15874 bytes for ./Payload/FinalCodeReader.app/AppIcon29x29@2x.png
copying file ./Payload/FinalCodeReader.app/footer_p.gif ... 
2021-02-16 01:44:47 +0000  77 bytes for ./Payload/FinalCodeReader.app/footer_p.gif
2021-02-16 01:44:47 +0000  copying file ./Payload/FinalCodeReader.app/Launch Screen.storyboardc/01J-lp-oVM-view-Ze5-6b-2t3.nib ... 
2021-02-16 01:44:47 +0000  2670 bytes for ./Payload/FinalCodeReader.app/Launch Screen.storyboardc/01J-lp-oVM-view-Ze5-6b-2t3.nib
copying file ./Payload/FinalCodeReader.app/Launch Screen.storyboardc/UIViewController-01J-lp-oVM.nib ... 
2021-02-16 01:44:47 +0000  896 bytes for ./Payload/FinalCodeReader.app/Launch Screen.storyboardc/UIViewController-01J-lp-oVM.nib
copying file ./Payload/FinalCodeReader.app/Launch Screen.storyboardc/Info.plist ... 
2021-02-16 01:44:47 +0000  258 bytes for ./Payload/FinalCodeReader.app/Launch Screen.storyboardc/Info.plist
2021-02-16 01:44:47 +0000  copying file ./Payload/FinalCodeReader.app/1024_1024.png ... 
2021-02-16 01:44:47 +0000  24937 bytes for ./Payload/FinalCodeReader.app/1024_1024.png
copying file ./Payload/FinalCodeReader.app/AppIcon29x29~ipad.png ... 
15112 bytes for ./Payload/FinalCodeReader.app/AppIcon29x29~ipad.png
2021-02-16 01:44:47 +0000  copying file ./Payload/FinalCodeReader.app/AppIcon40x40@2x.png ... 
2021-02-16 01:44:47 +0000  18234 bytes for ./Payload/FinalCodeReader.app/AppIcon40x40@2x.png
2021-02-16 01:44:47 +0000  copying file ./Payload/FinalCodeReader.app/Icon-72.png ... 
2021-02-16 01:44:47 +0000  1909 bytes for ./Payload/FinalCodeReader.app/Icon-72.png
copying file ./Payload/FinalCodeReader.app/AppIcon60x60@3x.png ... 
2021-02-16 01:44:47 +0000  3804 bytes for ./Payload/FinalCodeReader.app/AppIcon60x60@3x.png
2021-02-16 01:44:47 +0000  copying file ./Payload/FinalCodeReader.app/Icon-72@2x.png ... 
2021-02-16 01:44:47 +0000  3218 bytes for ./Payload/FinalCodeReader.app/Icon-72@2x.png
2021-02-16 01:44:47 +0000  copying file ./Payload/FinalCodeReader.app/fcl_appIcon_180.png ... 
2021-02-16 01:44:47 +0000  3767 bytes for ./Payload/FinalCodeReader.app/fcl_appIcon_180.png
2021-02-16 01:44:47 +0000  copying file ./Payload/FinalCodeReader.app/Icon@2x.png ... 
2712 bytes for ./Payload/FinalCodeReader.app/Icon@2x.png
copying file ./Payload/FinalCodeReader.app/fcl_documentIcon_64.png ... 
2021-02-16 01:44:47 +0000  796 bytes for ./Payload/FinalCodeReader.app/fcl_documentIcon_64.png
copying file ./Payload/FinalCodeReader.app/bgNavi.png ... 
2021-02-16 01:44:47 +0000  141 bytes for ./Payload/FinalCodeReader.app/bgNavi.png
2021-02-16 01:44:47 +0000  copying file ./Payload/FinalCodeReader.app/common/css/reset.css ... 
2021-02-16 01:44:47 +0000  2711 bytes for ./Payload/FinalCodeReader.app/common/css/reset.css
copying file ./Payload/FinalCodeReader.app/common/css/media-queries.css ... 
2021-02-16 01:44:47 +0000  11302 bytes for ./Payload/FinalCodeReader.app/common/css/media-queries.css
2021-02-16 01:44:47 +0000  copying file ./Payload/FinalCodeReader.app/common/images/footer.gif ... 
2021-02-16 01:44:47 +0000  68 bytes for ./Payload/FinalCodeReader.app/common/images/footer.gif
copying file ./Payload/FinalCodeReader.app/common/images/body.png ... 
2021-02-16 01:44:47 +0000  944 bytes for ./Payload/FinalCodeReader.app/common/images/body.png
copying file ./Payload/FinalCodeReader.app/common/images/footer_p.gif ... 
2021-02-16 01:44:47 +0000  77 bytes for ./Payload/FinalCodeReader.app/common/images/footer_p.gif
copying file ./Payload/FinalCodeReader.app/common/images/bullet.gif ... 
2021-02-16 01:44:47 +0000  582 bytes for ./Payload/FinalCodeReader.app/common/images/bullet.gif
copying file ./Payload/FinalCodeReader.app/common/images/logo.png ... 
2021-02-16 01:44:47 +0000  2847 bytes for ./Payload/FinalCodeReader.app/common/images/logo.png
2021-02-16 01:44:47 +0000  copying file ./Payload/FinalCodeReader.app/common/js/common.js ... 
2021-02-16 01:44:47 +0000  514 bytes for ./Payload/FinalCodeReader.app/common/js/common.js
2021-02-16 01:44:47 +0000  copying file ./Payload/FinalCodeReader.app/Default-568h@2x.png ... 
2021-02-16 01:44:47 +0000  5753 bytes for ./Payload/FinalCodeReader.app/Default-568h@2x.png
2021-02-16 01:44:47 +0000  copying file ./Payload/FinalCodeReader.app/Assets.car ... 
2021-02-16 01:44:47 +0000  75448 bytes for ./Payload/FinalCodeReader.app/Assets.car
2021-02-16 01:44:47 +0000  copying file ./Payload/FinalCodeReader.app/AppIcon40x40@2x~ipad.png ... 
2021-02-16 01:44:47 +0000  18234 bytes for ./Payload/FinalCodeReader.app/AppIcon40x40@2x~ipad.png
copying file ./Payload/FinalCodeReader.app/AppIcon76x76@2x~ipad.png ... 
2021-02-16 01:44:47 +0000  17852 bytes for ./Payload/FinalCodeReader.app/AppIcon76x76@2x~ipad.png
copying file ./Payload/FinalCodeReader.app/Icon-50.png ... 
2021-02-16 01:44:47 +0000  1289 bytes for ./Payload/FinalCodeReader.app/Icon-50.png
2021-02-16 01:44:47 +0000  copying file ./Payload/FinalCodeReader.app/AppIcon83.5x83.5@2x~ipad.png ... 
2021-02-16 01:44:47 +0000  17995 bytes for ./Payload/FinalCodeReader.app/AppIcon83.5x83.5@2x~ipad.png
2021-02-16 01:44:47 +0000  copying file ./Payload/FinalCodeReader.app/common.js ... 
514 bytes for ./Payload/FinalCodeReader.app/common.js
2021-02-16 01:44:47 +0000  copying file ./Payload/FinalCodeReader.app/iso639-2.plist ... 
2021-02-16 01:44:47 +0000  2805 bytes for ./Payload/FinalCodeReader.app/iso639-2.plist
copying file ./Payload/FinalCodeReader.app/fcl_appIcon_80.png ... 
2021-02-16 01:44:47 +0000  2043 bytes for ./Payload/FinalCodeReader.app/fcl_appIcon_80.png
2021-02-16 01:44:47 +0000  copying file ./Payload/FinalCodeReader.app/AppIcon29x29@2x~ipad.png ... 
2021-02-16 01:44:47 +0000  15874 bytes for ./Payload/FinalCodeReader.app/AppIcon29x29@2x~ipad.png
2021-02-16 01:44:47 +0000  copying file ./Payload/FinalCodeReader.app/fcl_documentIcon_320.png ... 
2021-02-16 01:44:47 +0000  4446 bytes for ./Payload/FinalCodeReader.app/fcl_documentIcon_320.png
2021-02-16 01:44:47 +0000  copying file ./Payload/FinalCodeReader.app/AppIcon40x40~ipad.png ... 
2021-02-16 01:44:47 +0000  15483 bytes for ./Payload/FinalCodeReader.app/AppIcon40x40~ipad.png
2021-02-16 01:44:47 +0000  copying file ./Payload/FinalCodeReader.app/finalcode_reader_iOS_startguide_jp.pdf ... 
2021-02-16 01:44:47 +0000  2972466 bytes for ./Payload/FinalCodeReader.app/finalcode_reader_iOS_startguide_jp.pdf
2021-02-16 01:44:47 +0000  copying file ./Payload/FinalCodeReader.app/fcl_appIcon_40.png ... 
1105 bytes for ./Payload/FinalCodeReader.app/fcl_appIcon_40.png
copying file ./Payload/FinalCodeReader.app/fcv_userdefault.plist ... 
551 bytes for ./Payload/FinalCodeReader.app/fcv_userdefault.plist
copying file ./Payload/FinalCodeReader.app/embedded.mobileprovision ... 
2021-02-16 01:44:47 +0000  7403 bytes for ./Payload/FinalCodeReader.app/embedded.mobileprovision
2021-02-16 01:44:47 +0000  copying file ./Payload/FinalCodeReader.app/Default.png ... 
2428 bytes for ./Payload/FinalCodeReader.app/Default.png
2021-02-16 01:44:47 +0000  copying file ./Payload/FinalCodeReader.app/Info.plist ... 
2021-02-16 01:44:47 +0000  3458 bytes for ./Payload/FinalCodeReader.app/Info.plist
copying file ./Payload/FinalCodeReader.app/finalcode_reader_iOS_startguide_en.pdf ... 
2021-02-16 01:44:47 +0000  1743447 bytes for ./Payload/FinalCodeReader.app/finalcode_reader_iOS_startguide_en.pdf
copying file ./Payload/FinalCodeReader.app/PkgInfo ... 
2021-02-16 01:44:47 +0000  8 bytes for ./Payload/FinalCodeReader.app/PkgInfo
copying file ./Payload/FinalCodeReader.app/AppIcon76x76~ipad.png ... 
2021-02-16 01:44:47 +0000  16435 bytes for ./Payload/FinalCodeReader.app/AppIcon76x76~ipad.png
2021-02-16 01:44:48 +0000  /usr/bin/ditto exited with 0
2021-02-16 01:44:48 +0000  Processing step: IDEDistributionAppStoreInformationStep
2021-02-16 01:44:48 +0000  Skipping step: IDEDistributionAppStoreInformationStep because it said so
2021-02-16 01:44:48 +0000  Processing step: IDEDistributionGenerateProcessedDistributionItems
2021-02-16 01:44:48 +0000  IDEDistributionItem init <DVTFilePath:0x7fb348f47c00:'/var/folders/j2/b33_crj1083bk55xjzpmwprh0000gn/T/XcodeDistPipeline.~~~JUkuQG/Root/Payload/FinalCodeReader.app'>
2021-02-16 01:44:48 +0000  Processing step: IDEDistributionCreateManifestStep
